2025-05-09 19:41:58,140 - INFO - Failed to extract font properties from /usr/share/fonts/truetype/noto/NotoColorEmoji.ttf: In FT2Font: Can not load face (unknown file format; error code 0x2)
2025-05-09 19:41:58,407 - INFO - Read 7 lines from accession file a.txt.
2025-05-09 19:42:00,586 - INFO - IPG table saved to a_ipg_table.txt
2025-05-09 19:42:00,588 - INFO - Processing 1/7...OFV10471.1...
2025-05-09 19:42:00,589 - INFO - Processing 2/7...WP_070569063.1...
2025-05-09 19:42:00,591 - INFO - Processing 3/7...SDH45420.1...
2025-05-09 19:42:00,591 - INFO - Processing 4/7...ATP55373.1...
2025-05-09 19:42:02,030 - INFO - Saved OFV10471.1: KV791941.1 (84882...105847)
2025-05-09 19:42:02,531 - INFO - Processing 5/7...WP_099437326.1...
2025-05-09 19:42:02,678 - INFO - Saved ATP55373.1: CP024091.1 (553701...574552)
2025-05-09 19:42:02,706 - INFO - Saved WP_070569063.1: NZ_DALYQD010000019.1 (90099...111064)
2025-05-09 19:42:03,179 - INFO - Processing 6/7...PST83892.1...
2025-05-09 19:42:03,206 - INFO - Processing 7/7...WP_107213801.1...
2025-05-09 19:42:03,473 - INFO - Saved SDH45420.1: FNCH01000025.1 (3714...24640)
2025-05-09 19:42:04,289 - INFO - Saved WP_099437326.1: NZ_CP024091.1 (553701...574552)
2025-05-09 19:42:04,753 - INFO - Saved PST83892.1: KZ686268.1 (849008...869931)
2025-05-09 19:42:05,044 - INFO - Saved WP_107213801.1: NZ_KZ686268.1 (849008...869931)
2025-05-09 19:42:05,547 - INFO - Completed processing a.txt. Output: a_10kb_nucl.fasta
2025-05-09 19:42:05,547 - INFO - Running Prodigal on a_10kb_nucl.fasta...
2025-05-09 19:42:05,893 - INFO - Prodigal output saved to a_out_dir/Temp_sequence.faa and a_out_dir/Temp_genebank.gbk
2025-05-09 19:42:05,894 - INFO - Total ORFs: 125, Filtered: 29
2025-05-09 19:42:27,137 - INFO - Running MMseqs2 on a_out_dir/Final_peptide_candidate.txt...
2025-05-09 19:42:29,392 - INFO - MMseqs2 clustering results saved to a_out_dir/cluster/clusterRes
2025-05-09 19:42:40,548 - INFO - Failed to extract font properties from /usr/share/fonts/truetype/noto/NotoColorEmoji.ttf: In FT2Font: Can not load face (unknown file format; error code 0x2)
2025-05-09 19:42:40,565 - INFO - Running Prodigal on c.fasta...
2025-05-09 19:42:41,262 - INFO - Prodigal output saved to c_out_dir/Temp_sequence.faa and c_out_dir/Temp_genebank.gbk
2025-05-09 19:42:41,264 - INFO - Total ORFs: 241, Filtered: 71
2025-05-09 19:43:16,136 - INFO - Running MMseqs2 on c_out_dir/Final_peptide_candidate.txt...
2025-05-09 19:43:18,313 - INFO - MMseqs2 clustering results saved to c_out_dir/cluster/clusterRes
2025-05-09 19:43:38,047 - INFO - Failed to extract font properties from /usr/share/fonts/truetype/noto/NotoColorEmoji.ttf: In FT2Font: Can not load face (unknown file format; error code 0x2)
2025-05-09 19:43:38,090 - INFO - Parsed 6 records from cblaster table b.txt.
2025-05-09 19:43:38,091 - INFO - cblaster dict saved to b_cblaster_dict.txt
2025-05-09 19:43:38,091 - INFO - Starting fetch for 6 cblaster records...
2025-05-09 19:43:38,091 - INFO - Processing 1/6...NZ_JBEYAJ010000004.1...
2025-05-09 19:43:38,091 - INFO - Processing 2/6...KP823601.1...
2025-05-09 19:43:38,093 - INFO - Processing 3/6...NZ_JBHVKV010000007.1...
2025-05-09 19:43:38,094 - INFO - Processing 4/6...NZ_JAANNZ010000009.1...
2025-05-09 19:43:39,805 - INFO - Saved NZ_JBEYAJ010000004.1: NZ_JBEYAJ010000004.1 (59230...99431)
2025-05-09 19:43:40,078 - INFO - Saved NZ_JAANNZ010000009.1: NZ_JAANNZ010000009.1 (160233...184163)
2025-05-09 19:43:40,306 - INFO - Processing 5/6...NZ_JAGPYI010000017.1...
2025-05-09 19:43:40,356 - INFO - Saved NZ_JBHVKV010000007.1: NZ_JBHVKV010000007.1 (3820...27750)
2025-05-09 19:43:40,578 - INFO - Processing 6/6...NZ_JBIENY010000216.1...
2025-05-09 19:43:40,896 - INFO - Saved KP823601.1: KP823601.1 (0...19320)
2025-05-09 19:43:41,993 - INFO - Saved NZ_JAGPYI010000017.1: NZ_JAGPYI010000017.1 (31705...55635)
2025-05-09 19:43:42,799 - INFO - Saved NZ_JBIENY010000216.1: NZ_JBIENY010000216.1 (121521...145451)
2025-05-09 19:43:43,301 - INFO - Completed processing b.txt. Output: b_10kb_nucl.fasta
2025-05-09 19:43:43,302 - INFO - Running Prodigal on b_10kb_nucl.fasta...
2025-05-09 19:43:43,630 - INFO - Prodigal output saved to b_out_dir/Temp_sequence.faa and b_out_dir/Temp_genebank.gbk
2025-05-09 19:43:43,631 - INFO - Total ORFs: 164, Filtered: 51
2025-05-09 19:44:07,917 - INFO - Running MMseqs2 on b_out_dir/Final_peptide_candidate.txt...
2025-05-09 19:44:11,043 - INFO - MMseqs2 clustering results saved to b_out_dir/cluster/clusterRes
2025-05-09 19:57:50,924 - INFO - Failed to extract font properties from /usr/share/fonts/truetype/noto/NotoColorEmoji.ttf: In FT2Font: Can not load face (unknown file format; error code 0x2)
2025-05-09 19:57:51,050 - INFO - Read 7 lines from accession file a.txt.
2025-05-09 19:57:53,148 - INFO - IPG table saved to a_ipg_table.txt
2025-05-09 19:57:53,149 - INFO - Processing 1/7...OFV10471.1...
2025-05-09 19:57:53,151 - INFO - Processing 2/7...WP_070569063.1...
2025-05-09 19:57:53,152 - INFO - Processing 3/7...SDH45420.1...
2025-05-09 19:57:53,153 - INFO - Processing 4/7...ATP55373.1...
2025-05-09 19:57:55,008 - INFO - Saved OFV10471.1: KV791941.1 (84882...105847)
2025-05-09 19:57:55,058 - INFO - Saved SDH45420.1: FNCH01000025.1 (3714...24640)
2025-05-09 19:57:55,384 - INFO - Saved WP_070569063.1: NZ_DALYQD010000019.1 (90099...111064)
2025-05-09 19:57:55,508 - INFO - Processing 5/7...WP_099437326.1...
2025-05-09 19:57:55,559 - INFO - Processing 6/7...PST83892.1...
2025-05-09 19:57:55,885 - INFO - Processing 7/7...WP_107213801.1...
2025-05-09 19:57:56,823 - INFO - Saved ATP55373.1: CP024091.1 (553701...574552)
2025-05-09 19:57:57,126 - INFO - Saved WP_099437326.1: NZ_CP024091.1 (553701...574552)
2025-05-09 19:57:57,434 - INFO - Saved PST83892.1: KZ686268.1 (849008...869931)
2025-05-09 19:57:57,981 - INFO - Saved WP_107213801.1: NZ_KZ686268.1 (849008...869931)
2025-05-09 19:57:58,482 - INFO - Completed processing a.txt. Output: a_10kb_nucl.fasta
2025-05-09 19:57:58,482 - INFO - Running Prodigal on a_10kb_nucl.fasta...
2025-05-09 19:57:58,822 - INFO - Prodigal output saved to a_out_dir/Temp_sequence.faa and a_out_dir/Temp_genebank.gbk
2025-05-09 19:57:58,823 - INFO - Total ORFs: 125, Filtered: 29
2025-05-09 19:58:20,481 - INFO - Running MMseqs2 on a_out_dir/Final_peptide_candidate.txt...
2025-05-09 19:58:22,765 - INFO - MMseqs2 clustering results saved to a_out_dir/cluster/clusterRes
2025-05-09 20:57:28,746 - INFO - Failed to extract font properties from /usr/share/fonts/truetype/noto/NotoColorEmoji.ttf: In FT2Font: Can not load face (unknown file format; error code 0x2)
2025-05-09 20:57:28,824 - INFO - Read 7 lines from accession file a.txt.
2025-05-09 20:57:30,412 - INFO - IPG table saved to a_ipg_table.txt
2025-05-09 20:57:30,413 - INFO - Processing 1/7...OFV10471.1...
2025-05-09 20:57:30,414 - INFO - Processing 2/7...WP_070569063.1...
2025-05-09 20:57:30,416 - INFO - Processing 3/7...SDH45420.1...
2025-05-09 20:57:30,417 - INFO - Processing 4/7...ATP55373.1...
2025-05-09 20:57:31,982 - INFO - Saved OFV10471.1: KV791941.1 (84882...105847)
2025-05-09 20:57:32,472 - INFO - Saved WP_070569063.1: NZ_DALYQD010000019.1 (90099...111064)
2025-05-09 20:57:32,483 - INFO - Processing 5/7...WP_099437326.1...
2025-05-09 20:57:32,920 - INFO - Saved ATP55373.1: CP024091.1 (553701...574552)
2025-05-09 20:57:32,973 - INFO - Processing 6/7...PST83892.1...
2025-05-09 20:57:33,371 - INFO - Saved SDH45420.1: FNCH01000025.1 (3714...24640)
2025-05-09 20:57:33,420 - INFO - Processing 7/7...WP_107213801.1...
2025-05-09 20:57:34,133 - INFO - Saved WP_099437326.1: NZ_CP024091.1 (553701...574552)
2025-05-09 20:57:34,530 - INFO - Saved PST83892.1: KZ686268.1 (849008...869931)
2025-05-09 20:57:35,149 - INFO - Saved WP_107213801.1: NZ_KZ686268.1 (849008...869931)
2025-05-09 20:57:35,650 - INFO - Completed processing a.txt. Output: a_10kb_nucl.fasta
2025-05-09 20:57:35,651 - INFO - Running Prodigal on a_10kb_nucl.fasta...
2025-05-09 20:57:35,998 - INFO - Prodigal output saved to a_out_dir/Temp_sequence.faa and a_out_dir/Temp_genebank.gbk
2025-05-09 20:57:36,000 - INFO - Total ORFs: 125, Filtered: 29
2025-05-09 20:57:57,558 - INFO - Running MMseqs2 on a_out_dir/Final_peptide_candidate.txt...
2025-05-09 20:57:59,459 - INFO - MMseqs2 clustering results saved to a_out_dir/cluster/clusterRes
2025-05-09 21:08:36,452 - INFO - Failed to extract font properties from /usr/share/fonts/truetype/noto/NotoColorEmoji.ttf: In FT2Font: Can not load face (unknown file format; error code 0x2)
2025-05-09 21:08:36,469 - INFO - Read 7 lines from accession file accession_file_example.txt.
2025-05-09 21:08:38,470 - INFO - IPG table saved to accession_file_example_ipg_table.txt
2025-05-09 21:08:38,471 - INFO - Processing 1/7...OFV10471.1...
2025-05-09 21:08:38,472 - INFO - Processing 2/7...WP_070569063.1...
2025-05-09 21:08:38,475 - INFO - Processing 3/7...SDH45420.1...
2025-05-09 21:08:38,475 - INFO - Processing 4/7...ATP55373.1...
2025-05-09 21:08:39,874 - INFO - Saved OFV10471.1: KV791941.1 (84882...105847)
2025-05-09 21:08:40,244 - INFO - Saved SDH45420.1: FNCH01000025.1 (3714...24640)
2025-05-09 21:08:40,375 - INFO - Processing 5/7...WP_099437326.1...
2025-05-09 21:08:40,623 - INFO - Saved ATP55373.1: CP024091.1 (553701...574552)
2025-05-09 21:08:40,745 - INFO - Processing 6/7...PST83892.1...
2025-05-09 21:08:41,124 - INFO - Processing 7/7...WP_107213801.1...
2025-05-09 21:08:41,735 - INFO - Saved WP_070569063.1: NZ_DALYQD010000019.1 (90099...111064)
2025-05-09 21:08:42,142 - INFO - Saved WP_099437326.1: NZ_CP024091.1 (553701...574552)
2025-05-09 21:08:42,350 - INFO - Saved PST83892.1: KZ686268.1 (849008...869931)
2025-05-09 21:08:43,029 - INFO - Saved WP_107213801.1: NZ_KZ686268.1 (849008...869931)
2025-05-09 21:08:43,530 - INFO - Completed processing accession_file_example.txt. Output: accession_file_example_10kb_nucl.fasta
2025-05-09 21:08:43,535 - INFO - Running Prodigal on accession_file_example_10kb_nucl.fasta...
2025-05-09 21:08:43,916 - INFO - Prodigal output saved to accession_file_example_out/Temp_sequence.faa and accession_file_example_out/Temp_genebank.gbk
2025-05-09 21:08:43,917 - INFO - Total ORFs: 125, Filtered: 29
2025-05-09 21:09:07,245 - INFO - Running MMseqs2 on accession_file_example_out/Final_peptide_candidate.txt...
2025-05-09 21:09:09,751 - INFO - MMseqs2 clustering results saved to accession_file_example_out/cluster/clusterRes
2025-05-09 21:09:20,911 - INFO - Failed to extract font properties from /usr/share/fonts/truetype/noto/NotoColorEmoji.ttf: In FT2Font: Can not load face (unknown file format; error code 0x2)
2025-05-09 21:09:20,941 - INFO - Running Prodigal on nucl_file_example.txt...
2025-05-09 21:09:21,725 - INFO - Prodigal output saved to nucl_file_example_out/Temp_sequence.faa and nucl_file_example_out/Temp_genebank.gbk
2025-05-09 21:09:21,728 - INFO - Total ORFs: 241, Filtered: 71
2025-05-09 21:10:01,026 - INFO - Running MMseqs2 on nucl_file_example_out/Final_peptide_candidate.txt...
2025-05-09 21:10:03,829 - INFO - MMseqs2 clustering results saved to nucl_file_example_out/cluster/clusterRes
2025-05-09 21:10:26,068 - INFO - Failed to extract font properties from /usr/share/fonts/truetype/noto/NotoColorEmoji.ttf: In FT2Font: Can not load face (unknown file format; error code 0x2)
2025-05-09 21:10:26,114 - INFO - Parsed 6 records from cblaster table cblaster_file_example.txt.
2025-05-09 21:10:26,114 - INFO - cblaster dict saved to cblaster_file_example_cblaster_dict.txt
2025-05-09 21:10:26,114 - INFO - Starting fetch for 6 cblaster records...
2025-05-09 21:10:26,114 - INFO - Processing 1/6...NZ_JBEYAJ010000004.1...
2025-05-09 21:10:26,115 - INFO - Processing 2/6...KP823601.1...
2025-05-09 21:10:26,116 - INFO - Processing 3/6...NZ_JBHVKV010000007.1...
2025-05-09 21:10:26,116 - INFO - Processing 4/6...NZ_JAANNZ010000009.1...
2025-05-09 21:10:27,768 - INFO - Saved NZ_JBEYAJ010000004.1: NZ_JBEYAJ010000004.1 (59230...99431)
2025-05-09 21:10:28,097 - INFO - Saved KP823601.1: KP823601.1 (0...19320)
2025-05-09 21:10:28,269 - INFO - Processing 5/6...NZ_JAGPYI010000017.1...
2025-05-09 21:10:28,418 - INFO - Saved NZ_JAANNZ010000009.1: NZ_JAANNZ010000009.1 (160233...184163)
2025-05-09 21:10:28,598 - INFO - Processing 6/6...NZ_JBIENY010000216.1...
2025-05-09 21:10:29,523 - INFO - Saved NZ_JBHVKV010000007.1: NZ_JBHVKV010000007.1 (3820...27750)
2025-05-09 21:10:29,975 - INFO - Saved NZ_JAGPYI010000017.1: NZ_JAGPYI010000017.1 (31705...55635)
2025-05-09 21:10:30,551 - INFO - Saved NZ_JBIENY010000216.1: NZ_JBIENY010000216.1 (121521...145451)
2025-05-09 21:10:31,054 - INFO - Completed processing cblaster_file_example.txt. Output: cblaster_file_example_10kb_nucl.fasta
2025-05-09 21:10:31,055 - INFO - Running Prodigal on cblaster_file_example_10kb_nucl.fasta...
2025-05-09 21:10:31,395 - INFO - Prodigal output saved to cblaster_file_example_out/Temp_sequence.faa and cblaster_file_example_out/Temp_genebank.gbk
2025-05-09 21:10:31,397 - INFO - Total ORFs: 164, Filtered: 51
2025-05-09 21:10:57,933 - INFO - Running MMseqs2 on cblaster_file_example_out/Final_peptide_candidate.txt...
2025-05-09 21:11:00,437 - INFO - MMseqs2 clustering results saved to cblaster_file_example_out/cluster/clusterRes
